<?xml version="1.0" encoding="UTF-8"?>
<coverage generated="1691728540406" clover="3.2.0">
  <project timestamp="1691728540407" name="All files">
    <metrics statements="12" coveredstatements="11" conditionals="4" coveredconditionals="3" methods="7" coveredmethods="7" elements="23" coveredelements="21" complexity="0" loc="12" ncloc="12" packages="1" files="5" classes="5"/>
    <file name="CountriesList.js" path="/Users/abrahamhaile/Documents/Never_Give_up_React/Country-info/src/components/CountriesList.js">
      <metrics statements="6" coveredstatements="5" conditionals="4" coveredconditionals="3" methods="4" coveredmethods="4"/>
      <line num="6" count="2" type="stmt"/>
      <line num="8" count="1" type="cond" truecount="3" falsecount="1"/>
      <line num="9" count="0" type="stmt"/>
      <line num="12" count="1" type="stmt"/>
      <line num="16" count="1" type="stmt"/>
      <line num="20" count="1" type="stmt"/>
    </file>
    <file name="CountrySection.js" path="/Users/abrahamhaile/Documents/Never_Give_up_React/Country-info/src/components/CountrySection.js">
      <metrics statements="2" coveredstatements="2" conditionals="0" coveredconditionals="0" methods="1" coveredmethods="1"/>
      <line num="6" count="1" type="stmt"/>
      <line num="13" count="1" type="stmt"/>
    </file>
    <file name="Flags.js" path="/Users/abrahamhaile/Documents/Never_Give_up_React/Country-info/src/components/Flags.js">
      <metrics statements="1" coveredstatements="1" conditionals="0" coveredconditionals="0" methods="1" coveredmethods="1"/>
      <line num="2" count="4" type="stmt"/>
    </file>
    <file name="NavBar.js" path="/Users/abrahamhaile/Documents/Never_Give_up_React/Country-info/src/components/NavBar.js">
      <metrics statements="2" coveredstatements="2" conditionals="0" coveredconditionals="0" methods="1" coveredmethods="1"/>
      <line num="6" count="1" type="stmt"/>
      <line num="7" count="1" type="stmt"/>
    </file>
    <file name="StatusTypes.js" path="/Users/abrahamhaile/Documents/Never_Give_up_React/Country-info/src/components/StatusTypes.js">
      <metrics statements="1" coveredstatements="1" conditionals="0" coveredconditionals="0" methods="0" coveredmethods="0"/>
      <line num="1" count="1" type="stmt"/>
    </file>
  </project>
</coverage>
