{"/Users/abrahamhaile/Documents/Never_Give_up_React/Country-info/src/components/CountriesList.js": {"path":"/Users/abrahamhaile/Documents/Never_Give_up_React/Country-info/src/components/CountriesList.js","statementMap":{"0":{"start":{"line":6,"column":20},"end":{"line":6,"column":59}},"1":{"start":{"line":6,"column":43},"end":{"line":6,"column":58}},"2":{"start":{"line":8,"column":2},"end":{"line":10,"column":3}},"3":{"start":{"line":9,"column":4},"end":{"line":9,"column":53}},"4":{"start":{"line":12,"column":2},"end":{"line":34,"column":4}},"5":{"start":{"line":16,"column":39},"end":{"line":18,"column":59}},"6":{"start":{"line":20,"column":12},"end":{"line":30,"column":14}}},"fnMap":{"0":{"name":"CountriesList","decl":{"start":{"line":5,"column":9},"end":{"line":5,"column":22}},"loc":{"start":{"line":5,"column":25},"end":{"line":35,"column":1}},"line":5},"1":{"name":"(anonymous_1)","decl":{"start":{"line":6,"column":32},"end":{"line":6,"column":33}},"loc":{"start":{"line":6,"column":43},"end":{"line":6,"column":58}},"line":6},"2":{"name":"(anonymous_2)","decl":{"start":{"line":16,"column":18},"end":{"line":16,"column":19}},"loc":{"start":{"line":16,"column":39},"end":{"line":18,"column":59}},"line":16},"3":{"name":"(anonymous_3)","decl":{"start":{"line":19,"column":15},"end":{"line":19,"column":16}},"loc":{"start":{"line":20,"column":12},"end":{"line":30,"column":14}},"line":20}},"branchMap":{"0":{"loc":{"start":{"line":8,"column":2},"end":{"line":10,"column":3}},"type":"if","locations":[{"start":{"line":8,"column":2},"end":{"line":10,"column":3}},{"start":{},"end":{}}],"line":8},"1":{"loc":{"start":{"line":8,"column":6},"end":{"line":8,"column":59}},"type":"binary-expr","locations":[{"start":{"line":8,"column":6},"end":{"line":8,"column":16}},{"start":{"line":8,"column":20},"end":{"line":8,"column":59}}],"line":8}},"s":{"0":1,"1":2,"2":1,"3":0,"4":1,"5":1,"6":1},"f":{"0":1,"1":2,"2":1,"3":1},"b":{"0":[0,1],"1":[1,1]},"_coverageSchema":"1a1c01bbd47fc00a2c39e90264f33305004495a9","hash":"99be9454af5c98a7bf5c158fc458647152d1e52c"}
,"/Users/abrahamhaile/Documents/Never_Give_up_React/Country-info/src/components/CountrySection.js": {"path":"/Users/abrahamhaile/Documents/Never_Give_up_React/Country-info/src/components/CountrySection.js","statementMap":{"0":{"start":{"line":6,"column":2},"end":{"line":10,"column":4}},"1":{"start":{"line":13,"column":0},"end":{"line":15,"column":2}}},"fnMap":{"0":{"name":"CountrySection","decl":{"start":{"line":5,"column":9},"end":{"line":5,"column":23}},"loc":{"start":{"line":5,"column":39},"end":{"line":11,"column":1}},"line":5}},"branchMap":{},"s":{"0":1,"1":1},"f":{"0":1},"b":{},"_coverageSchema":"1a1c01bbd47fc00a2c39e90264f33305004495a9","hash":"c2a64d06e61e6979c2c9eb900d32dfaeb9740bf5"}
,"/Users/abrahamhaile/Documents/Never_Give_up_React/Country-info/src/components/Flags.js": {"path":"/Users/abrahamhaile/Documents/Never_Give_up_React/Country-info/src/components/Flags.js","statementMap":{"0":{"start":{"line":2,"column":2},"end":{"line":2,"column":64}}},"fnMap":{"0":{"name":"getFlagImageUrl","decl":{"start":{"line":1,"column":9},"end":{"line":1,"column":24}},"loc":{"start":{"line":1,"column":38},"end":{"line":3,"column":1}},"line":1}},"branchMap":{},"s":{"0":4},"f":{"0":4},"b":{},"_coverageSchema":"1a1c01bbd47fc00a2c39e90264f33305004495a9","hash":"23b0d399a3ecd22ea03a56c46c23e80a591bda10"}
,"/Users/abrahamhaile/Documents/Never_Give_up_React/Country-info/src/components/NavBar.js": {"path":"/Users/abrahamhaile/Documents/Never_Give_up_React/Country-info/src/components/NavBar.js","statementMap":{"0":{"start":{"line":6,"column":15},"end":{"line":20,"column":1}},"1":{"start":{"line":7,"column":2},"end":{"line":19,"column":11}}},"fnMap":{"0":{"name":"(anonymous_0)","decl":{"start":{"line":6,"column":15},"end":{"line":6,"column":16}},"loc":{"start":{"line":7,"column":2},"end":{"line":19,"column":11}},"line":7}},"branchMap":{},"s":{"0":1,"1":1},"f":{"0":1},"b":{},"_coverageSchema":"1a1c01bbd47fc00a2c39e90264f33305004495a9","hash":"7e95f3cbbcc9082447031c306e6b6564019ae776"}
,"/Users/abrahamhaile/Documents/Never_Give_up_React/Country-info/src/components/StatusTypes.js": {"path":"/Users/abrahamhaile/Documents/Never_Give_up_React/Country-info/src/components/StatusTypes.js","statementMap":{"0":{"start":{"line":1,"column":19},"end":{"line":5,"column":1}}},"fnMap":{},"branchMap":{},"s":{"0":1},"f":{},"b":{},"_coverageSchema":"1a1c01bbd47fc00a2c39e90264f33305004495a9","hash":"3e6b6f0592d34291db60af24116e95648ce23f35"}
}
