TN:
SF:src/components/CountriesList.js
FN:5,CountriesList
FN:6,(anonymous_1)
FN:16,(anonymous_2)
FN:19,(anonymous_3)
FNF:4
FNH:4
FNDA:1,CountriesList
FNDA:2,(anonymous_1)
FNDA:1,(anonymous_2)
FNDA:1,(anonymous_3)
DA:6,2
DA:8,1
DA:9,0
DA:12,1
DA:16,1
DA:20,1
LF:6
LH:5
BRDA:8,0,0,0
BRDA:8,0,1,1
BRDA:8,1,0,1
BRDA:8,1,1,1
BRF:4
BRH:3
end_of_record
TN:
SF:src/components/CountrySection.js
FN:5,CountrySection
FNF:1
FNH:1
FNDA:1,CountrySection
DA:6,1
DA:13,1
LF:2
LH:2
BRF:0
BRH:0
end_of_record
TN:
SF:src/components/Flags.js
FN:1,getFlagImageUrl
FNF:1
FNH:1
FNDA:4,getFlagImageUrl
DA:2,4
LF:1
LH:1
BRF:0
BRH:0
end_of_record
TN:
SF:src/components/NavBar.js
FN:6,(anonymous_0)
FNF:1
FNH:1
FNDA:1,(anonymous_0)
DA:6,1
DA:7,1
LF:2
LH:2
BRF:0
BRH:0
end_of_record
TN:
SF:src/components/StatusTypes.js
FNF:0
FNH:0
DA:1,1
LF:1
LH:1
BRF:0
BRH:0
end_of_record
